c:\users\sa\downloads\fanplayer-master\fanplayer-master\player-windows\fanplayer\win32\debug\vc142.pdb
c:\users\sa\downloads\fanplayer-master\fanplayer-master\player-windows\fanplayer\win32\debug\vc142.idb
c:\users\sa\downloads\fanplayer-master\fanplayer-master\player-windows\fanplayer\win32\debug\veffect.obj
c:\users\sa\downloads\fanplayer-master\fanplayer-master\player-windows\fanplayer\win32\debug\vdev-gdi.obj
c:\users\sa\downloads\fanplayer-master\fanplayer-master\player-windows\fanplayer\win32\debug\vdev-d3d.obj
c:\users\sa\downloads\fanplayer-master\fanplayer-master\player-windows\fanplayer\win32\debug\vdev-cmn.obj
c:\users\sa\downloads\fanplayer-master\fanplayer-master\player-windows\fanplayer\win32\debug\snapshot.obj
c:\users\sa\downloads\fanplayer-master\fanplayer-master\player-windows\fanplayer\win32\debug\recorder.obj
c:\users\sa\downloads\fanplayer-master\fanplayer-master\player-windows\fanplayer\win32\debug\pktqueue.obj
c:\users\sa\downloads\fanplayer-master\fanplayer-master\player-windows\fanplayer\win32\debug\ffrender.obj
c:\users\sa\downloads\fanplayer-master\fanplayer-master\player-windows\fanplayer\win32\debug\ffplayer.obj
c:\users\sa\downloads\fanplayer-master\fanplayer-master\player-windows\fanplayer\win32\debug\dxva2hwa.obj
c:\users\sa\downloads\fanplayer-master\fanplayer-master\player-windows\fanplayer\win32\debug\datarate.obj
c:\users\sa\downloads\fanplayer-master\fanplayer-master\player-windows\fanplayer\win32\debug\adev-win.obj
c:\users\sa\downloads\fanplayer-master\fanplayer-master\player-windows\win32\debug\fanplayer.lib
c:\users\sa\downloads\fanplayer-master\fanplayer-master\player-windows\win32\debug\fanplayer.exp
c:\users\sa\downloads\fanplayer-master\fanplayer-master\player-windows\win32\debug\fanplayer.dll
c:\users\sa\downloads\fanplayer-master\fanplayer-master\player-windows\fanplayer\win32\debug\fanplayer.ilk
c:\users\sa\downloads\fanplayer-master\fanplayer-master\player-windows\win32\debug\fanplayer.pdb
c:\users\sa\downloads\fanplayer-master\fanplayer-master\player-windows\fanplayer\win32\debug\ffplayer.obj.enc
c:\users\sa\downloads\fanplayer-master\fanplayer-master\player-windows\fanplayer\win32\debug\ffrender.obj.enc
c:\users\sa\downloads\fanplayer-master\fanplayer-master\player-windows\fanplayer\win32\debug\vdev-cmn.obj.enc
c:\users\sa\downloads\fanplayer-master\fanplayer-master\player-windows\fanplayer\win32\debug\vdev-d3d.obj.enc
c:\users\sa\downloads\fanplayer-master\fanplayer-master\player-windows\fanplayer\win32\debug\vdev-gdi.obj.enc
c:\users\sa\downloads\fanplayer-master\fanplayer-master\player-windows\fanplayer\win32\debug\fanplayer.tlog\cl.command.1.tlog
c:\users\sa\downloads\fanplayer-master\fanplayer-master\player-windows\fanplayer\win32\debug\fanplayer.tlog\cl.read.1.tlog
c:\users\sa\downloads\fanplayer-master\fanplayer-master\player-windows\fanplayer\win32\debug\fanplayer.tlog\cl.write.1.tlog
c:\users\sa\downloads\fanplayer-master\fanplayer-master\player-windows\fanplayer\win32\debug\fanplayer.tlog\fanplayer.write.1u.tlog
c:\users\sa\downloads\fanplayer-master\fanplayer-master\player-windows\fanplayer\win32\debug\fanplayer.tlog\link.command.1.tlog
c:\users\sa\downloads\fanplayer-master\fanplayer-master\player-windows\fanplayer\win32\debug\fanplayer.tlog\link.read.1.tlog
c:\users\sa\downloads\fanplayer-master\fanplayer-master\player-windows\fanplayer\win32\debug\fanplayer.tlog\link.write.1.tlog
